Build started 2015/8/11 17:25:18.
     1>Project "D:\Projects\git\bundler_sfm\lib\clapack\clapack.vcxproj" on node 2 (Rebuild target(s)).
     1>ClCompile:
         C:\Program Files (x86)\Microsoft Visual Studio 12.0\VC\bin\CL.exe /c /I..\f2c /ZI /nologo /W3 /WX- /Od /Oy- /D WIN32 /D _DEBUG /D _LIB /D NO_BLAS_WRAP /D _UNICODE /D UNICODE /Gm /EHsc /RTC1 /MDd /GS /fp:precise /Zc:wchar_t /Zc:forScope /Fo"Debug\\" /Fd"Debug\vc120.pdb" /Gd /TC /analyze- /errorReport:prompt BLAS\SRC\dasum.c BLAS\SRC\daxpy.c SRC\dbdsdc.c SRC\dbdsqr.c BLAS\SRC\dcabs1.c BLAS\SRC\dcopy.c SRC\ddisna.c BLAS\SRC\ddot.c SRC\dgbbrd.c SRC\dgbcon.c SRC\dgbequ.c BLAS\SRC\dgbmv.c SRC\dgbrfs.c SRC\dgbsv.c SRC\dgbsvx.c SRC\dgbtf2.c SRC\dgbtrf.c SRC\dgbtrs.c SRC\dgebak.c SRC\dgebal.c SRC\dgebd2.c SRC\dgebrd.c SRC\dgecon.c SRC\dgeequ.c SRC\dgees.c SRC\dgeesx.c SRC\dgeev.c SRC\dgeevx.c SRC\dgegs.c SRC\dgegv.c SRC\dgehd2.c SRC\dgehrd.c SRC\dgelq2.c SRC\dgelqf.c SRC\dgels.c SRC\dgelsd.c SRC\dgelss.c SRC\dgelsx.c SRC\dgelsy.c BLAS\SRC\dgemm.c BLAS\SRC\dgemv.c SRC\dgeql2.c SRC\dgeqlf.c SRC\dgeqp3.c SRC\dgeqpf.c SRC\dgeqr2.c SRC\dgeqrf.c BLAS\SRC\dger.c SRC\dgerfs.c SRC\dgerq2.c SRC\dgerqf.c SRC\dgesc2.c SRC\dgesdd.c SRC\dgesv.c SRC\dgesvd.c SRC\dgesvx.c SRC\dgetc2.c SRC\dgetf2.c SRC\dgetrf.c SRC\dgetri.c SRC\dgetrs.c SRC\dggbak.c SRC\dggbal.c SRC\dgges.c SRC\dggesx.c SRC\dggev.c SRC\dggevx.c SRC\dggglm.c SRC\dgghrd.c SRC\dgglse.c SRC\dggqrf.c SRC\dggrqf.c SRC\dggsvd.c SRC\dggsvp.c SRC\dgtcon.c SRC\dgtrfs.c SRC\dgtsv.c SRC\dgtsvx.c SRC\dgttrf.c SRC\dgttrs.c SRC\dgtts2.c SRC\dhgeqz.c SRC\dhsein.c SRC\dhseqr.c SRC\disnan.c SRC\dlabad.c SRC\dlabrd.c SRC\dlacn2.c SRC\dlacon.c SRC\dlacpy.c SRC\dladiv.c SRC\dlae2.c SRC\dlaebz.c SRC\dlaed0.c SRC\dlaed1.c SRC\dlaed2.c SRC\dlaed3.c SRC\dlaed4.c SRC\dlaed5.c SRC\dlaed6.c SRC\dlaed7.c SRC\dlaed8.c SRC\dlaed9.c SRC\dlaeda.c SRC\dlaein.c SRC\dlaev2.c SRC\dlaexc.c SRC\dlag2.c SRC\dlag2s.c SRC\dlags2.c SRC\dlagtf.c SRC\dlagtm.c SRC\dlagts.c SRC\dlagv2.c SRC\dlahqr.c SRC\dlahr2.c SRC\dlahrd.c SRC\dlaic1.c SRC\dlaisnan.c SRC\dlaln2.c SRC\dlals0.c SRC\dlalsa.c SRC\dlalsd.c INSTALL\dlamch.c INSTALL\dlamchtst.c SRC\dlamrg.c SRC\dlaneg.c SRC\dlangb.c SRC\dlange.c SRC\dlangt.c SRC\dlanhs.c SRC\dlansb.c SRC\dlansp.c SRC\dlanst.c SRC\dlansy.c SRC\dlantb.c SRC\dlantp.c SRC\dlantr.c SRC\dlanv2.c SRC\dlapll.c SRC\dlapmt.c SRC\dlapy2.c SRC\dlapy3.c SRC\dlaqgb.c SRC\dlaqge.c SRC\dlaqp2.c SRC\dlaqps.c SRC\dlaqr0.c SRC\dlaqr1.c SRC\dlaqr2.c SRC\dlaqr3.c SRC\dlaqr4.c SRC\dlaqr5.c SRC\dlaqsb.c SRC\dlaqsp.c SRC\dlaqsy.c SRC\dlaqtr.c SRC\dlar1v.c SRC\dlar2v.c SRC\dlarf.c SRC\dlarfb.c SRC\dlarfg.c SRC\dlarft.c SRC\dlarfx.c SRC\dlargv.c SRC\dlarnv.c SRC\dlarra.c SRC\dlarrb.c SRC\dlarrc.c SRC\dlarrd.c SRC\dlarre.c SRC\dlarrf.c SRC\dlarrj.c SRC\dlarrk.c SRC\dlarrr.c SRC\dlarrv.c SRC\dlartg.c SRC\dlartv.c SRC\dlaruv.c SRC\dlarz.c SRC\dlarzb.c SRC\dlarzt.c SRC\dlas2.c SRC\dlascl.c SRC\dlasd0.c SRC\dlasd1.c SRC\dlasd2.c SRC\dlasd3.c SRC\dlasd4.c SRC\dlasd5.c SRC\dlasd6.c SRC\dlasd7.c SRC\dlasd8.c SRC\dlasda.c SRC\dlasdq.c SRC\dlasdt.c SRC\dlaset.c SRC\dlasq1.c SRC\dlasq2.c SRC\dlasq3.c SRC\dlasq4.c SRC\dlasq5.c SRC\dlasq6.c SRC\dlasr.c SRC\dlasrt.c SRC\dlassq.c SRC\dlasv2.c SRC\dlaswp.c SRC\dlasy2.c SRC\dlasyf.c SRC\dlatbs.c SRC\dlatdf.c SRC\dlatps.c SRC\dlatrd.c SRC\dlatrs.c SRC\dlatrz.c SRC\dlatzm.c SRC\dlauu2.c SRC\dlauum.c SRC\dlazq3.c SRC\dlazq4.c BLAS\SRC\dnrm2.c SRC\dopgtr.c SRC\dopmtr.c SRC\dorg2l.c SRC\dorg2r.c SRC\dorgbr.c SRC\dorghr.c SRC\dorgl2.c SRC\dorglq.c SRC\dorgql.c SRC\dorgqr.c SRC\dorgr2.c SRC\dorgrq.c SRC\dorgtr.c SRC\dorm2l.c SRC\dorm2r.c SRC\dormbr.c SRC\dormhr.c SRC\dorml2.c SRC\dormlq.c SRC\dormql.c SRC\dormqr.c SRC\dormr2.c SRC\dormr3.c SRC\dormrq.c SRC\dormrz.c SRC\dormtr.c SRC\dpbcon.c SRC\dpbequ.c SRC\dpbrfs.c SRC\dpbstf.c SRC\dpbsv.c SRC\dpbsvx.c SRC\dpbtf2.c SRC\dpbtrf.c SRC\dpbtrs.c SRC\dpocon.c SRC\dpoequ.c SRC\dporfs.c SRC\dposv.c SRC\dposvx.c SRC\dpotf2.c SRC\dpotrf.c SRC\dpotri.c SRC\dpotrs.c SRC\dppcon.c SRC\dppequ.c SRC\dpprfs.c SRC\dppsv.c SRC\dppsvx.c SRC\dpptrf.c SRC\dpptri.c SRC\dpptrs.c SRC\dptcon.c SRC\dpteqr.c SRC\dptrfs.c SRC\dptsv.c SRC\dptsvx.c SRC\dpttrf.c SRC\dpttrs.c SRC\dptts2.c BLAS\SRC\drot.c BLAS\SRC\drotg.c BLAS\SRC\drotm.c BLAS\SRC\drotmg.c SRC\drscl.c SRC\dsbev.c SRC\dsbevd.c SRC\dsbevx.c SRC\dsbgst.c SRC\dsbgv.c SRC\dsbgvd.c SRC\dsbgvx.c BLAS\SRC\dsbmv.c SRC\dsbtrd.c BLAS\SRC\dscal.c BLAS\SRC\dsdot.c INSTALL\dsecndtst.c SRC\dsgesv.c SRC\dspcon.c SRC\dspev.c SRC\dspevd.c SRC\dspevx.c SRC\dspgst.c SRC\dspgv.c SRC\dspgvd.c SRC\dspgvx.c BLAS\SRC\dspmv.c BLAS\SRC\dspr.c BLAS\SRC\dspr2.c SRC\dsprfs.c SRC\dspsv.c SRC\dspsvx.c SRC\dsptrd.c SRC\dsptrf.c SRC\dsptri.c SRC\dsptrs.c SRC\dstebz.c SRC\dstedc.c SRC\dstegr.c SRC\dstein.c SRC\dstemr.c SRC\dsteqr.c SRC\dsterf.c SRC\dstev.c SRC\dstevd.c SRC\dstevr.c SRC\dstevx.c BLAS\SRC\dswap.c SRC\dsycon.c SRC\dsyev.c SRC\dsyevd.c SRC\dsyevr.c SRC\dsyevx.c SRC\dsygs2.c SRC\dsygst.c SRC\dsygv.c SRC\dsygvd.c SRC\dsygvx.c BLAS\SRC\dsymm.c BLAS\SRC\dsymv.c BLAS\SRC\dsyr.c BLAS\SRC\dsyr2.c BLAS\SRC\dsyr2k.c SRC\dsyrfs.c BLAS\SRC\dsyrk.c SRC\dsysv.c SRC\dsysvx.c SRC\dsytd2.c SRC\dsytf2.c SRC\dsytrd.c SRC\dsytrf.c SRC\dsytri.c SRC\dsytrs.c SRC\dtbcon.c BLAS\SRC\dtbmv.c SRC\dtbrfs.c BLAS\SRC\dtbsv.c SRC\dtbtrs.c SRC\dtgevc.c SRC\dtgex2.c SRC\dtgexc.c SRC\dtgsen.c SRC\dtgsja.c SRC\dtgsna.c SRC\dtgsy2.c SRC\dtgsyl.c SRC\dtpcon.c BLAS\SRC\dtpmv.c SRC\dtprfs.c BLAS\SRC\dtpsv.c SRC\dtptri.c SRC\dtptrs.c SRC\dtrcon.c SRC\dtrevc.c SRC\dtrexc.c BLAS\SRC\dtrmm.c BLAS\SRC\dtrmv.c SRC\dtrrfs.c SRC\dtrsen.c BLAS\SRC\dtrsm.c SRC\dtrsna.c BLAS\SRC\dtrsv.c SRC\dtrsyl.c SRC\dtrti2.c SRC\dtrtri.c SRC\dtrtrs.c SRC\dtzrqf.c SRC\dtzrzf.c BLAS\SRC\dzasum.c BLAS\SRC\dznrm2.c SRC\dzsum1.c BLAS\SRC\icamax.c SRC\icmax1.c BLAS\SRC\idamax.c SRC\ieeeck.c SRC\ilaenv.c SRC\ilaver.c SRC\iparmq.c BLAS\SRC\isamax.c BLAS\SRC\izamax.c SRC\izmax1.c INSTALL\LAPACK_version.c BLAS\SRC\lsame.c SRC\lsamen.c INSTALL\lsametst.c INSTALL\tstiee.c SRC\xerbla.c
         xerbla.c
     1>d:\projects\git\bundler_sfm\lib\clapack\src\xerbla.c(36): warning C4013: 'printf' undefined; assuming extern returning int
         tstiee.c
         lsametst.c
         lsamen.c
     1>d:\projects\git\bundler_sfm\lib\clapack\src\lsamen.c(61): warning C4018: '<' : signed/unsigned mismatch
         lsame.c
         LAPACK_version.c
         izmax1.c
         izamax.c
         isamax.c
     1>d:\projects\git\bundler_sfm\lib\clapack\blas\src\isamax.c(51): warning C4244: '=' : conversion from 'doublereal' to 'real', possible loss of data
     1>d:\projects\git\bundler_sfm\lib\clapack\blas\src\isamax.c(59): warning C4244: '=' : conversion from 'doublereal' to 'real', possible loss of data
     1>d:\projects\git\bundler_sfm\lib\clapack\blas\src\isamax.c(69): warning C4244: '=' : conversion from 'doublereal' to 'real', possible loss of data
     1>d:\projects\git\bundler_sfm\lib\clapack\blas\src\isamax.c(76): warning C4244: '=' : conversion from 'doublereal' to 'real', possible loss of data
         iparmq.c
     1>d:\projects\git\bundler_sfm\lib\clapack\src\iparmq.c(193): warning C4244: '=' : conversion from 'double' to 'real', possible loss of data
         ilaver.c
         ilaenv.c
         ieeeck.c
         idamax.c
         icmax1.c
     1>d:\projects\git\bundler_sfm\lib\clapack\src\icmax1.c(82): warning C4244: '=' : conversion from 'double' to 'real', possible loss of data
     1>d:\projects\git\bundler_sfm\lib\clapack\src\icmax1.c(90): warning C4244: '=' : conversion from 'double' to 'real', possible loss of data
     1>d:\projects\git\bundler_sfm\lib\clapack\src\icmax1.c(100): warning C4244: '=' : conversion from 'double' to 'real', possible loss of data
     1>d:\projects\git\bundler_sfm\lib\clapack\src\icmax1.c(107): warning C4244: '=' : conversion from 'double' to 'real', possible loss of data
         icamax.c
     1>d:\projects\git\bundler_sfm\lib\clapack\blas\src\icamax.c(51): warning C4244: '=' : conversion from 'doublereal' to 'real', possible loss of data
     1>d:\projects\git\bundler_sfm\lib\clapack\blas\src\icamax.c(59): warning C4244: '=' : conversion from 'doublereal' to 'real', possible loss of data
     1>d:\projects\git\bundler_sfm\lib\clapack\blas\src\icamax.c(69): warning C4244: '=' : conversion from 'doublereal' to 'real', possible loss of data
     1>d:\projects\git\bundler_sfm\lib\clapack\blas\src\icamax.c(76): warning C4244: '=' : conversion from 'doublereal' to 'real', possible loss of data
         dzsum1.c
         dznrm2.c
         dzasum.c
         dtzrzf.c
         Generating Code...
         Compiling...
         dtzrqf.c
         dtrtrs.c
         dtrtri.c
         dtrti2.c
         dtrsyl.c
         dtrsv.c
         dtrsna.c
     1>d:\projects\git\bundler_sfm\lib\clapack\src\dtrsna.c(514): warning C4554: '<<' : check operator precedence for possible error; use parentheses to clarify precedence
         dtrsm.c
         dtrsen.c
         dtrrfs.c
         dtrmv.c
         dtrmm.c
         dtrexc.c
         dtrevc.c
         dtrcon.c
         dtptrs.c
         dtptri.c
         dtpsv.c
         dtprfs.c
         dtpmv.c
         Generating Code...
         Compiling...
         dtpcon.c
         dtgsyl.c
         dtgsy2.c
         dtgsna.c
         dtgsja.c
         dtgsen.c
         dtgexc.c
         dtgex2.c
     1>d:\projects\git\bundler_sfm\lib\clapack\src\dtgex2.c(396): warning C4554: '<<' : check operator precedence for possible error; use parentheses to clarify precedence
     1>d:\projects\git\bundler_sfm\lib\clapack\src\dtgex2.c(397): warning C4554: '<<' : check operator precedence for possible error; use parentheses to clarify precedence
     1>d:\projects\git\bundler_sfm\lib\clapack\src\dtgex2.c(398): warning C4554: '<<' : check operator precedence for possible error; use parentheses to clarify precedence
     1>d:\projects\git\bundler_sfm\lib\clapack\src\dtgex2.c(399): warning C4554: '<<' : check operator precedence for possible error; use parentheses to clarify precedence
     1>d:\projects\git\bundler_sfm\lib\clapack\src\dtgex2.c(400): warning C4554: '<<' : check operator precedence for possible error; use parentheses to clarify precedence
     1>d:\projects\git\bundler_sfm\lib\clapack\src\dtgex2.c(401): warning C4554: '<<' : check operator precedence for possible error; use parentheses to clarify precedence
     1>d:\projects\git\bundler_sfm\lib\clapack\src\dtgex2.c(607): warning C4554: '<<' : check operator precedence for possible error; use parentheses to clarify precedence
     1>d:\projects\git\bundler_sfm\lib\clapack\src\dtgex2.c(610): warning C4554: '<<' : check operator precedence for possible error; use parentheses to clarify precedence
     1>d:\projects\git\bundler_sfm\lib\clapack\src\dtgex2.c(611): warning C4554: '<<' : check operator precedence for possible error; use parentheses to clarify precedence
     1>d:\projects\git\bundler_sfm\lib\clapack\src\dtgex2.c(625): warning C4554: '<<' : check operator precedence for possible error; use parentheses to clarify precedence
     1>d:\projects\git\bundler_sfm\lib\clapack\src\dtgex2.c(630): warning C4554: '<<' : check operator precedence for possible error; use parentheses to clarify precedence
         dtgevc.c
         dtbtrs.c
         dtbsv.c
         dtbrfs.c
         dtbmv.c
         dtbcon.c
         dsytrs.c
         dsytri.c
         dsytrf.c
         dsytrd.c
         dsytf2.c
         dsytd2.c
         Generating Code...
         Compiling...
         dsysvx.c
         dsysv.c
         dsyrk.c
         dsyrfs.c
         dsyr2k.c
         dsyr2.c
         dsyr.c
         dsymv.c
         dsymm.c
         dsygvx.c
         dsygvd.c
         dsygv.c
         dsygst.c
         dsygs2.c
         dsyevx.c
         dsyevr.c
         dsyevd.c
         dsyev.c
         dsycon.c
         dswap.c
         Generating Code...
         Compiling...
         dstevx.c
         dstevr.c
         dstevd.c
         dstev.c
         dsterf.c
         dsteqr.c
         dstemr.c
         dstein.c
         dstegr.c
         dstedc.c
     1>d:\projects\git\bundler_sfm\lib\clapack\src\dstedc.c(236): warning C4554: '<<' : check operator precedence for possible error; use parentheses to clarify precedence
         dstebz.c
         dsptrs.c
     1>d:\projects\git\bundler_sfm\lib\clapack\src\dsptrs.c(365): warning C4554: '<<' : check operator precedence for possible error; use parentheses to clarify precedence
         dsptri.c
         dsptrf.c
         dsptrd.c
         dspsvx.c
         dspsv.c
         dsprfs.c
         dspr2.c
         dspr.c
         Generating Code...
         Compiling...
         dspmv.c
         dspgvx.c
         dspgvd.c
         dspgv.c
         dspgst.c
         dspevx.c
         dspevd.c
         dspev.c
         dspcon.c
         dsgesv.c
         dsecndtst.c
         dsdot.c
         dscal.c
         dsbtrd.c
         dsbmv.c
         dsbgvx.c
         dsbgvd.c
         dsbgv.c
         dsbgst.c
         dsbevx.c
         Generating Code...
         Compiling...
         dsbevd.c
         dsbev.c
         drscl.c
         drotmg.c
         drotm.c
         drotg.c
         drot.c
         dptts2.c
         dpttrs.c
         dpttrf.c
         dptsvx.c
         dptsv.c
         dptrfs.c
         dpteqr.c
         dptcon.c
         dpptrs.c
         dpptri.c
         dpptrf.c
         dppsvx.c
         dppsv.c
         Generating Code...
         Compiling...
         dpprfs.c
         dppequ.c
         dppcon.c
         dpotrs.c
         dpotri.c
         dpotrf.c
         dpotf2.c
         dposvx.c
         dposv.c
         dporfs.c
         dpoequ.c
         dpocon.c
         dpbtrs.c
         dpbtrf.c
         dpbtf2.c
         dpbsvx.c
         dpbsv.c
         dpbstf.c
         dpbrfs.c
         dpbequ.c
         Generating Code...
         Compiling...
         dpbcon.c
         dormtr.c
         dormrz.c
         dormrq.c
         dormr3.c
         dormr2.c
         dormqr.c
         dormql.c
         dormlq.c
         dorml2.c
         dormhr.c
         dormbr.c
         dorm2r.c
         dorm2l.c
         dorgtr.c
         dorgrq.c
         dorgr2.c
         dorgqr.c
         dorgql.c
         dorglq.c
         Generating Code...
         Compiling...
         dorgl2.c
         dorghr.c
         dorgbr.c
         dorg2r.c
         dorg2l.c
         dopmtr.c
         dopgtr.c
         dnrm2.c
         dlazq4.c
         dlazq3.c
     1>d:\projects\git\bundler_sfm\lib\clapack\src\dlazq3.c(202): warning C4554: '<<' : check operator precedence for possible error; use parentheses to clarify precedence
     1>d:\projects\git\bundler_sfm\lib\clapack\src\dlazq3.c(203): warning C4554: '<<' : check operator precedence for possible error; use parentheses to clarify precedence
     1>d:\projects\git\bundler_sfm\lib\clapack\src\dlazq3.c(270): warning C4554: '<<' : check operator precedence for possible error; use parentheses to clarify precedence
     1>d:\projects\git\bundler_sfm\lib\clapack\src\dlazq3.c(275): warning C4554: '<<' : check operator precedence for possible error; use parentheses to clarify precedence
         dlauum.c
         dlauu2.c
         dlatzm.c
         dlatrz.c
         dlatrs.c
         dlatrd.c
         dlatps.c
         dlatdf.c
         dlatbs.c
         dlasyf.c
         Generating Code...
         Compiling...
         dlasy2.c
         dlaswp.c
         dlasv2.c
         dlassq.c
         dlasrt.c
         dlasr.c
         dlasq6.c
     1>d:\projects\git\bundler_sfm\lib\clapack\src\dlasq6.c(96): warning C4554: '<<' : check operator precedence for possible error; use parentheses to clarify precedence
     1>d:\projects\git\bundler_sfm\lib\clapack\src\dlasq6.c(120): warning C4554: '<<' : check operator precedence for possible error; use parentheses to clarify precedence
     1>d:\projects\git\bundler_sfm\lib\clapack\src\dlasq6.c(149): warning C4554: '<<' : check operator precedence for possible error; use parentheses to clarify precedence
         dlasq5.c
     1>d:\projects\git\bundler_sfm\lib\clapack\src\dlasq5.c(103): warning C4554: '<<' : check operator precedence for possible error; use parentheses to clarify precedence
     1>d:\projects\git\bundler_sfm\lib\clapack\src\dlasq5.c(116): warning C4554: '<<' : check operator precedence for possible error; use parentheses to clarify precedence
     1>d:\projects\git\bundler_sfm\lib\clapack\src\dlasq5.c(134): warning C4554: '<<' : check operator precedence for possible error; use parentheses to clarify precedence
     1>d:\projects\git\bundler_sfm\lib\clapack\src\dlasq5.c(154): warning C4554: '<<' : check operator precedence for possible error; use parentheses to clarify precedence
     1>d:\projects\git\bundler_sfm\lib\clapack\src\dlasq5.c(170): warning C4554: '<<' : check operator precedence for possible error; use parentheses to clarify precedence
     1>d:\projects\git\bundler_sfm\lib\clapack\src\dlasq5.c(191): warning C4554: '<<' : check operator precedence for possible error; use parentheses to clarify precedence
         dlasq4.c
         dlasq3.c
     1>d:\projects\git\bundler_sfm\lib\clapack\src\dlasq3.c(200): warning C4554: '<<' : check operator precedence for possible error; use parentheses to clarify precedence
     1>d:\projects\git\bundler_sfm\lib\clapack\src\dlasq3.c(201): warning C4554: '<<' : check operator precedence for possible error; use parentheses to clarify precedence
     1>d:\projects\git\bundler_sfm\lib\clapack\src\dlasq3.c(268): warning C4554: '<<' : check operator precedence for possible error; use parentheses to clarify precedence
     1>d:\projects\git\bundler_sfm\lib\clapack\src\dlasq3.c(273): warning C4554: '<<' : check operator precedence for possible error; use parentheses to clarify precedence
         dlasq2.c
     1>d:\projects\git\bundler_sfm\lib\clapack\src\dlasq2.c(204): warning C4554: '<<' : check operator precedence for possible error; use parentheses to clarify precedence
     1>d:\projects\git\bundler_sfm\lib\clapack\src\dlasq2.c(282): warning C4554: '<<' : check operator precedence for possible error; use parentheses to clarify precedence
     1>d:\projects\git\bundler_sfm\lib\clapack\src\dlasq2.c(283): warning C4554: '<<' : check operator precedence for possible error; use parentheses to clarify precedence
     1>d:\projects\git\bundler_sfm\lib\clapack\src\dlasq2.c(303): warning C4554: '<<' : check operator precedence for possible error; use parentheses to clarify precedence
     1>d:\projects\git\bundler_sfm\lib\clapack\src\dlasq2.c(317): warning C4554: '<<' : check operator precedence for possible error; use parentheses to clarify precedence
     1>d:\projects\git\bundler_sfm\lib\clapack\src\dlasq2.c(371): warning C4554: '<<' : check operator precedence for possible error; use parentheses to clarify precedence
     1>d:\projects\git\bundler_sfm\lib\clapack\src\dlasq2.c(469): warning C4554: '<<' : check operator precedence for possible error; use parentheses to clarify precedence
         dlasq1.c
         dlaset.c
         dlasdt.c
         dlasdq.c
         dlasda.c
         dlasd8.c
         dlasd7.c
         dlasd6.c
         dlasd5.c
         Generating Code...
         Compiling...
         dlasd4.c
         dlasd3.c
         dlasd2.c
         dlasd1.c
         dlasd0.c
         dlascl.c
         dlas2.c
         dlarzt.c
         dlarzb.c
         dlarz.c
         dlaruv.c
         dlartv.c
         dlartg.c
         dlarrv.c
         dlarrr.c
         dlarrk.c
         dlarrj.c
         dlarrf.c
         dlarre.c
         dlarrd.c
         Generating Code...
         Compiling...
         dlarrc.c
         dlarrb.c
         dlarra.c
         dlarnv.c
         dlargv.c
         dlarfx.c
         dlarft.c
         dlarfg.c
         dlarfb.c
         dlarf.c
         dlar2v.c
         dlar1v.c
         dlaqtr.c
         dlaqsy.c
         dlaqsp.c
         dlaqsb.c
         dlaqr5.c
         dlaqr4.c
         dlaqr3.c
         dlaqr2.c
         Generating Code...
         Compiling...
         dlaqr1.c
         dlaqr0.c
         dlaqps.c
         dlaqp2.c
         dlaqge.c
         dlaqgb.c
         dlapy3.c
         dlapy2.c
         dlapmt.c
         dlapll.c
         dlanv2.c
         dlantr.c
         dlantp.c
         dlantb.c
         dlansy.c
         dlanst.c
         dlansp.c
         dlansb.c
         dlanhs.c
         dlangt.c
         Generating Code...
         Compiling...
         dlange.c
         dlangb.c
         dlaneg.c
         dlamrg.c
         dlamchtst.c
         dlamch.c
         dlalsd.c
         dlalsa.c
         dlals0.c
         dlaln2.c
         dlaisnan.c
         dlaic1.c
         dlahrd.c
         dlahr2.c
         dlahqr.c
         dlagv2.c
         dlagts.c
         dlagtm.c
         dlagtf.c
         dlags2.c
         Generating Code...
         Compiling...
         dlag2s.c
     1>d:\projects\git\bundler_sfm\lib\clapack\src\dlag2s.c(96): warning C4244: '=' : conversion from 'doublereal' to 'real', possible loss of data
         dlag2.c
         dlaexc.c
     1>d:\projects\git\bundler_sfm\lib\clapack\src\dlaexc.c(215): warning C4554: '<<' : check operator precedence for possible error; use parentheses to clarify precedence
         dlaev2.c
         dlaein.c
         dlaeda.c
         dlaed9.c
         dlaed8.c
         dlaed7.c
         dlaed6.c
         dlaed5.c
         dlaed4.c
         dlaed3.c
         dlaed2.c
         dlaed1.c
         dlaed0.c
         dlaebz.c
         dlae2.c
         dladiv.c
         dlacpy.c
         Generating Code...
         Compiling...
         dlacon.c
         dlacn2.c
         dlabrd.c
         dlabad.c
         disnan.c
         dhseqr.c
         dhsein.c
         dhgeqz.c
         dgtts2.c
         dgttrs.c
         dgttrf.c
         dgtsvx.c
         dgtsv.c
         dgtrfs.c
         dgtcon.c
         dggsvp.c
         dggsvd.c
         dggrqf.c
         dggqrf.c
         dgglse.c
         Generating Code...
         Compiling...
         dgghrd.c
         dggglm.c
         dggevx.c
         dggev.c
         dggesx.c
         dgges.c
         dggbal.c
         dggbak.c
         dgetrs.c
         dgetri.c
         dgetrf.c
         dgetf2.c
         dgetc2.c
         dgesvx.c
         dgesvd.c
         dgesv.c
         dgesdd.c
         dgesc2.c
         dgerqf.c
         dgerq2.c
         Generating Code...
         Compiling...
         dgerfs.c
         dger.c
         dgeqrf.c
         dgeqr2.c
         dgeqpf.c
         dgeqp3.c
         dgeqlf.c
         dgeql2.c
         dgemv.c
         dgemm.c
         dgelsy.c
         dgelsx.c
         dgelss.c
         dgelsd.c
         dgels.c
         dgelqf.c
         dgelq2.c
         dgehrd.c
         dgehd2.c
         dgegv.c
         Generating Code...
         Compiling...
         dgegs.c
         dgeevx.c
         dgeev.c
         dgeesx.c
         dgees.c
         dgeequ.c
         dgecon.c
         dgebrd.c
         dgebd2.c
         dgebal.c
         dgebak.c
         dgbtrs.c
         dgbtrf.c
         dgbtf2.c
         dgbsvx.c
         dgbsv.c
         dgbrfs.c
         dgbmv.c
         dgbequ.c
         dgbcon.c
         Generating Code...
         Compiling...
         dgbbrd.c
         ddot.c
         ddisna.c
         dcopy.c
         dcabs1.c
         dbdsqr.c
         dbdsdc.c
         daxpy.c
         dasum.c
         Generating Code...
         C:\Program Files (x86)\Microsoft Visual Studio 12.0\VC\bin\CL.exe /c /I..\f2c /ZI /nologo /W3 /WX- /Od /Oy- /D WIN32 /D _DEBUG /D _LIB /D NO_BLAS_WRAP /D _UNICODE /D UNICODE /Gm /EHsc /RTC1 /MDd /GS /fp:precise /Zc:wchar_t /Zc:forScope /Fo"Debug\ilaver1.obj" /Fd"Debug\vc120.pdb" /Gd /TC /analyze- /errorReport:prompt INSTALL\ilaver.c
         ilaver.c
         C:\Program Files (x86)\Microsoft Visual Studio 12.0\VC\bin\CL.exe /c /I..\f2c /ZI /nologo /W3 /WX- /Od /Oy- /D WIN32 /D _DEBUG /D _LIB /D NO_BLAS_WRAP /D _UNICODE /D UNICODE /Gm /EHsc /RTC1 /MDd /GS /fp:precise /Zc:wchar_t /Zc:forScope /Fo"Debug\lsame1.obj" /Fd"Debug\vc120.pdb" /Gd /TC /analyze- /errorReport:prompt INSTALL\lsame.c
         lsame.c
         C:\Program Files (x86)\Microsoft Visual Studio 12.0\VC\bin\CL.exe /c /I..\f2c /ZI /nologo /W3 /WX- /Od /Oy- /D WIN32 /D _DEBUG /D _LIB /D NO_BLAS_WRAP /D _UNICODE /D UNICODE /Gm /EHsc /RTC1 /MDd /GS /fp:precise /Zc:wchar_t /Zc:forScope /Fo"Debug\xerbla1.obj" /Fd"Debug\vc120.pdb" /Gd /TC /analyze- /errorReport:prompt BLAS\SRC\xerbla.c
         xerbla.c
       Lib:
         C:\Program Files (x86)\Microsoft Visual Studio 12.0\VC\bin\Lib.exe /OUT:"D:\Projects\git\bundler_sfm\vc++\Debug\clapack.lib" /NOLOGO Debug\dasum.obj
         Debug\daxpy.obj
         Debug\dbdsdc.obj
         Debug\dbdsqr.obj
         Debug\dcabs1.obj
         Debug\dcopy.obj
         Debug\ddisna.obj
         Debug\ddot.obj
         Debug\dgbbrd.obj
         Debug\dgbcon.obj
         Debug\dgbequ.obj
         Debug\dgbmv.obj
         Debug\dgbrfs.obj
         Debug\dgbsv.obj
         Debug\dgbsvx.obj
         Debug\dgbtf2.obj
         Debug\dgbtrf.obj
         Debug\dgbtrs.obj
         Debug\dgebak.obj
         Debug\dgebal.obj
         Debug\dgebd2.obj
         Debug\dgebrd.obj
         Debug\dgecon.obj
         Debug\dgeequ.obj
         Debug\dgees.obj
         Debug\dgeesx.obj
         Debug\dgeev.obj
         Debug\dgeevx.obj
         Debug\dgegs.obj
         Debug\dgegv.obj
         Debug\dgehd2.obj
         Debug\dgehrd.obj
         Debug\dgelq2.obj
         Debug\dgelqf.obj
         Debug\dgels.obj
         Debug\dgelsd.obj
         Debug\dgelss.obj
         Debug\dgelsx.obj
         Debug\dgelsy.obj
         Debug\dgemm.obj
         Debug\dgemv.obj
         Debug\dgeql2.obj
         Debug\dgeqlf.obj
         Debug\dgeqp3.obj
         Debug\dgeqpf.obj
         Debug\dgeqr2.obj
         Debug\dgeqrf.obj
         Debug\dger.obj
         Debug\dgerfs.obj
         Debug\dgerq2.obj
         Debug\dgerqf.obj
         Debug\dgesc2.obj
         Debug\dgesdd.obj
         Debug\dgesv.obj
         Debug\dgesvd.obj
         Debug\dgesvx.obj
         Debug\dgetc2.obj
         Debug\dgetf2.obj
         Debug\dgetrf.obj
         Debug\dgetri.obj
         Debug\dgetrs.obj
         Debug\dggbak.obj
         Debug\dggbal.obj
         Debug\dgges.obj
         Debug\dggesx.obj
         Debug\dggev.obj
         Debug\dggevx.obj
         Debug\dggglm.obj
         Debug\dgghrd.obj
         Debug\dgglse.obj
         Debug\dggqrf.obj
         Debug\dggrqf.obj
         Debug\dggsvd.obj
         Debug\dggsvp.obj
         Debug\dgtcon.obj
         Debug\dgtrfs.obj
         Debug\dgtsv.obj
         Debug\dgtsvx.obj
         Debug\dgttrf.obj
         Debug\dgttrs.obj
         Debug\dgtts2.obj
         Debug\dhgeqz.obj
         Debug\dhsein.obj
         Debug\dhseqr.obj
         Debug\disnan.obj
         Debug\dlabad.obj
         Debug\dlabrd.obj
         Debug\dlacn2.obj
         Debug\dlacon.obj
         Debug\dlacpy.obj
         Debug\dladiv.obj
         Debug\dlae2.obj
         Debug\dlaebz.obj
         Debug\dlaed0.obj
         Debug\dlaed1.obj
         Debug\dlaed2.obj
         Debug\dlaed3.obj
         Debug\dlaed4.obj
         Debug\dlaed5.obj
         Debug\dlaed6.obj
         Debug\dlaed7.obj
         Debug\dlaed8.obj
         Debug\dlaed9.obj
         Debug\dlaeda.obj
         Debug\dlaein.obj
         Debug\dlaev2.obj
         Debug\dlaexc.obj
         Debug\dlag2.obj
         Debug\dlag2s.obj
         Debug\dlags2.obj
         Debug\dlagtf.obj
         Debug\dlagtm.obj
         Debug\dlagts.obj
         Debug\dlagv2.obj
         Debug\dlahqr.obj
         Debug\dlahr2.obj
         Debug\dlahrd.obj
         Debug\dlaic1.obj
         Debug\dlaisnan.obj
         Debug\dlaln2.obj
         Debug\dlals0.obj
         Debug\dlalsa.obj
         Debug\dlalsd.obj
         Debug\dlamch.obj
         Debug\dlamchtst.obj
         Debug\dlamrg.obj
         Debug\dlaneg.obj
         Debug\dlangb.obj
         Debug\dlange.obj
         Debug\dlangt.obj
         Debug\dlanhs.obj
         Debug\dlansb.obj
         Debug\dlansp.obj
         Debug\dlanst.obj
         Debug\dlansy.obj
         Debug\dlantb.obj
         Debug\dlantp.obj
         Debug\dlantr.obj
         Debug\dlanv2.obj
         Debug\dlapll.obj
         Debug\dlapmt.obj
         Debug\dlapy2.obj
         Debug\dlapy3.obj
         Debug\dlaqgb.obj
         Debug\dlaqge.obj
         Debug\dlaqp2.obj
         Debug\dlaqps.obj
         Debug\dlaqr0.obj
         Debug\dlaqr1.obj
         Debug\dlaqr2.obj
         Debug\dlaqr3.obj
         Debug\dlaqr4.obj
         Debug\dlaqr5.obj
         Debug\dlaqsb.obj
         Debug\dlaqsp.obj
         Debug\dlaqsy.obj
         Debug\dlaqtr.obj
         Debug\dlar1v.obj
         Debug\dlar2v.obj
         Debug\dlarf.obj
         Debug\dlarfb.obj
         Debug\dlarfg.obj
         Debug\dlarft.obj
         Debug\dlarfx.obj
         Debug\dlargv.obj
         Debug\dlarnv.obj
         Debug\dlarra.obj
         Debug\dlarrb.obj
         Debug\dlarrc.obj
         Debug\dlarrd.obj
         Debug\dlarre.obj
         Debug\dlarrf.obj
         Debug\dlarrj.obj
         Debug\dlarrk.obj
         Debug\dlarrr.obj
         Debug\dlarrv.obj
         Debug\dlartg.obj
         Debug\dlartv.obj
         Debug\dlaruv.obj
         Debug\dlarz.obj
         Debug\dlarzb.obj
         Debug\dlarzt.obj
         Debug\dlas2.obj
         Debug\dlascl.obj
         Debug\dlasd0.obj
         Debug\dlasd1.obj
         Debug\dlasd2.obj
         Debug\dlasd3.obj
         Debug\dlasd4.obj
         Debug\dlasd5.obj
         Debug\dlasd6.obj
         Debug\dlasd7.obj
         Debug\dlasd8.obj
         Debug\dlasda.obj
         Debug\dlasdq.obj
         Debug\dlasdt.obj
         Debug\dlaset.obj
         Debug\dlasq1.obj
         Debug\dlasq2.obj
         Debug\dlasq3.obj
         Debug\dlasq4.obj
         Debug\dlasq5.obj
         Debug\dlasq6.obj
         Debug\dlasr.obj
         Debug\dlasrt.obj
         Debug\dlassq.obj
         Debug\dlasv2.obj
         Debug\dlaswp.obj
         Debug\dlasy2.obj
         Debug\dlasyf.obj
         Debug\dlatbs.obj
         Debug\dlatdf.obj
         Debug\dlatps.obj
         Debug\dlatrd.obj
         Debug\dlatrs.obj
         Debug\dlatrz.obj
         Debug\dlatzm.obj
         Debug\dlauu2.obj
         Debug\dlauum.obj
         Debug\dlazq3.obj
         Debug\dlazq4.obj
         Debug\dnrm2.obj
         Debug\dopgtr.obj
         Debug\dopmtr.obj
         Debug\dorg2l.obj
         Debug\dorg2r.obj
         Debug\dorgbr.obj
         Debug\dorghr.obj
         Debug\dorgl2.obj
         Debug\dorglq.obj
         Debug\dorgql.obj
         Debug\dorgqr.obj
         Debug\dorgr2.obj
         Debug\dorgrq.obj
         Debug\dorgtr.obj
         Debug\dorm2l.obj
         Debug\dorm2r.obj
         Debug\dormbr.obj
         Debug\dormhr.obj
         Debug\dorml2.obj
         Debug\dormlq.obj
         Debug\dormql.obj
         Debug\dormqr.obj
         Debug\dormr2.obj
         Debug\dormr3.obj
         Debug\dormrq.obj
         Debug\dormrz.obj
         Debug\dormtr.obj
         Debug\dpbcon.obj
         Debug\dpbequ.obj
         Debug\dpbrfs.obj
         Debug\dpbstf.obj
         Debug\dpbsv.obj
         Debug\dpbsvx.obj
         Debug\dpbtf2.obj
         Debug\dpbtrf.obj
         Debug\dpbtrs.obj
         Debug\dpocon.obj
         Debug\dpoequ.obj
         Debug\dporfs.obj
         Debug\dposv.obj
         Debug\dposvx.obj
         Debug\dpotf2.obj
         Debug\dpotrf.obj
         Debug\dpotri.obj
         Debug\dpotrs.obj
         Debug\dppcon.obj
         Debug\dppequ.obj
         Debug\dpprfs.obj
         Debug\dppsv.obj
         Debug\dppsvx.obj
         Debug\dpptrf.obj
         Debug\dpptri.obj
         Debug\dpptrs.obj
         Debug\dptcon.obj
         Debug\dpteqr.obj
         Debug\dptrfs.obj
         Debug\dptsv.obj
         Debug\dptsvx.obj
         Debug\dpttrf.obj
         Debug\dpttrs.obj
         Debug\dptts2.obj
         Debug\drot.obj
         Debug\drotg.obj
         Debug\drotm.obj
         Debug\drotmg.obj
         Debug\drscl.obj
         Debug\dsbev.obj
         Debug\dsbevd.obj
         Debug\dsbevx.obj
         Debug\dsbgst.obj
         Debug\dsbgv.obj
         Debug\dsbgvd.obj
         Debug\dsbgvx.obj
         Debug\dsbmv.obj
         Debug\dsbtrd.obj
         Debug\dscal.obj
         Debug\dsdot.obj
         Debug\dsecndtst.obj
         Debug\dsgesv.obj
         Debug\dspcon.obj
         Debug\dspev.obj
         Debug\dspevd.obj
         Debug\dspevx.obj
         Debug\dspgst.obj
         Debug\dspgv.obj
         Debug\dspgvd.obj
         Debug\dspgvx.obj
         Debug\dspmv.obj
         Debug\dspr.obj
         Debug\dspr2.obj
         Debug\dsprfs.obj
         Debug\dspsv.obj
         Debug\dspsvx.obj
         Debug\dsptrd.obj
         Debug\dsptrf.obj
         Debug\dsptri.obj
         Debug\dsptrs.obj
         Debug\dstebz.obj
         Debug\dstedc.obj
         Debug\dstegr.obj
         Debug\dstein.obj
         Debug\dstemr.obj
         Debug\dsteqr.obj
         Debug\dsterf.obj
         Debug\dstev.obj
         Debug\dstevd.obj
         Debug\dstevr.obj
         Debug\dstevx.obj
         Debug\dswap.obj
         Debug\dsycon.obj
         Debug\dsyev.obj
         Debug\dsyevd.obj
         Debug\dsyevr.obj
         Debug\dsyevx.obj
         Debug\dsygs2.obj
         Debug\dsygst.obj
         Debug\dsygv.obj
         Debug\dsygvd.obj
         Debug\dsygvx.obj
         Debug\dsymm.obj
         Debug\dsymv.obj
         Debug\dsyr.obj
         Debug\dsyr2.obj
         Debug\dsyr2k.obj
         Debug\dsyrfs.obj
         Debug\dsyrk.obj
         Debug\dsysv.obj
         Debug\dsysvx.obj
         Debug\dsytd2.obj
         Debug\dsytf2.obj
         Debug\dsytrd.obj
         Debug\dsytrf.obj
         Debug\dsytri.obj
         Debug\dsytrs.obj
         Debug\dtbcon.obj
         Debug\dtbmv.obj
         Debug\dtbrfs.obj
         Debug\dtbsv.obj
         Debug\dtbtrs.obj
         Debug\dtgevc.obj
         Debug\dtgex2.obj
         Debug\dtgexc.obj
         Debug\dtgsen.obj
         Debug\dtgsja.obj
         Debug\dtgsna.obj
         Debug\dtgsy2.obj
         Debug\dtgsyl.obj
         Debug\dtpcon.obj
         Debug\dtpmv.obj
         Debug\dtprfs.obj
         Debug\dtpsv.obj
         Debug\dtptri.obj
         Debug\dtptrs.obj
         Debug\dtrcon.obj
         Debug\dtrevc.obj
         Debug\dtrexc.obj
         Debug\dtrmm.obj
         Debug\dtrmv.obj
         Debug\dtrrfs.obj
         Debug\dtrsen.obj
         Debug\dtrsm.obj
         Debug\dtrsna.obj
         Debug\dtrsv.obj
         Debug\dtrsyl.obj
         Debug\dtrti2.obj
         Debug\dtrtri.obj
         Debug\dtrtrs.obj
         Debug\dtzrqf.obj
         Debug\dtzrzf.obj
         Debug\dzasum.obj
         Debug\dznrm2.obj
         Debug\dzsum1.obj
         Debug\icamax.obj
         Debug\icmax1.obj
         Debug\idamax.obj
         Debug\ieeeck.obj
         Debug\ilaenv.obj
         Debug\ilaver.obj
         Debug\iparmq.obj
         Debug\isamax.obj
         Debug\izamax.obj
         Debug\izmax1.obj
         Debug\LAPACK_version.obj
         Debug\lsame.obj
         Debug\lsamen.obj
         Debug\lsametst.obj
         Debug\tstiee.obj
         Debug\xerbla.obj
         Debug\ilaver1.obj
         Debug\lsame1.obj
         Debug\xerbla1.obj
     1>xerbla.obj : warning LNK4006: _xerbla_ already defined in xerbla1.obj; second definition ignored
     1>xerbla.obj : warning LNK4221: This object file does not define any previously undefined public symbols, so it will not be used by any link operation that consumes this library
     1>lsametst.obj : warning LNK4006: _MAIN__ already defined in tstiee.obj; second definition ignored
     1>lsame.obj : warning LNK4006: _lsame_ already defined in lsame1.obj; second definition ignored
     1>lsame.obj : warning LNK4221: This object file does not define any previously undefined public symbols, so it will not be used by any link operation that consumes this library
     1>LAPACK_version.obj : warning LNK4006: _MAIN__ already defined in tstiee.obj; second definition ignored
     1>ilaver.obj : warning LNK4006: _ilaver_ already defined in ilaver1.obj; second definition ignored
     1>ilaver.obj : warning LNK4221: This object file does not define any previously undefined public symbols, so it will not be used by any link operation that consumes this library
     1>ilaenv.obj : warning LNK4006: _ilaenv_ already defined in tstiee.obj; second definition ignored
     1>ilaenv.obj : warning LNK4221: This object file does not define any previously undefined public symbols, so it will not be used by any link operation that consumes this library
     1>ieeeck.obj : warning LNK4006: _ieeeck_ already defined in tstiee.obj; second definition ignored
     1>ieeeck.obj : warning LNK4221: This object file does not define any previously undefined public symbols, so it will not be used by any link operation that consumes this library
     1>dsecndtst.obj : warning LNK4006: _MAIN__ already defined in tstiee.obj; second definition ignored
     1>dlamchtst.obj : warning LNK4006: _MAIN__ already defined in tstiee.obj; second definition ignored
         clapack.vcxproj -> D:\Projects\git\bundler_sfm\vc++\Debug\clapack.lib
     1>Done Building Project "D:\Projects\git\bundler_sfm\lib\clapack\clapack.vcxproj" (Rebuild target(s)).

Build succeeded.

Time Elapsed 00:00:24.24
