Build started 2015/8/11 17:25:28.
     1>Project "D:\Projects\git\bundler_sfm\lib\cminpack\cminpack.vcxproj" on node 5 (Rebuild target(s)).
     1>ClCompile:
         C:\Program Files (x86)\Microsoft Visual Studio 12.0\VC\bin\CL.exe /c /I..\f2c /ZI /nologo /W3 /WX- /Od /Oy- /D WIN32 /D _DEBUG /D _LIB /D _UNICODE /D UNICODE /Gm /EHsc /RTC1 /MDd /GS /fp:precise /Zc:wchar_t /Zc:forScope /Fo"Debug\\" /Fd"Debug\vc120.pdb" /Gd /TC /analyze- /errorReport:prompt chkder.c dogleg.c dpmpar.c enorm.c fdjac1.c fdjac2.c hybrd.c hybrd1.c hybrj.c hybrj1.c lmder.c lmder1.c lmdif.c lmdif1.c lmpar.c lmstr.c lmstr1.c qform.c qrfac.c qrsolv.c r1mpyq.c r1updt.c rwupdt.c
         rwupdt.c
         r1updt.c
         r1mpyq.c
         qrsolv.c
         qrfac.c
         qform.c
         lmstr1.c
         lmstr.c
         lmpar.c
         lmdif1.c
         lmdif.c
         lmder1.c
         lmder.c
         hybrj1.c
         hybrj.c
         hybrd1.c
         hybrd.c
         fdjac2.c
         fdjac1.c
         enorm.c
         Generating Code...
         Compiling...
         dpmpar.c
     1>d:\projects\git\bundler_sfm\lib\cminpack\dpmpar.c(187): warning C4554: '<<' : check operator precedence for possible error; use parentheses to clarify precedence
         dogleg.c
         chkder.c
         Generating Code...
       Lib:
         C:\Program Files (x86)\Microsoft Visual Studio 12.0\VC\bin\Lib.exe /OUT:"D:\Projects\git\bundler_sfm\vc++\Debug\cminpack.lib" /NOLOGO Debug\chkder.obj
         Debug\dogleg.obj
         Debug\dpmpar.obj
         Debug\enorm.obj
         Debug\fdjac1.obj
         Debug\fdjac2.obj
         Debug\hybrd.obj
         Debug\hybrd1.obj
         Debug\hybrj.obj
         Debug\hybrj1.obj
         Debug\lmder.obj
         Debug\lmder1.obj
         Debug\lmdif.obj
         Debug\lmdif1.obj
         Debug\lmpar.obj
         Debug\lmstr.obj
         Debug\lmstr1.obj
         Debug\qform.obj
         Debug\qrfac.obj
         Debug\qrsolv.obj
         Debug\r1mpyq.obj
         Debug\r1updt.obj
         Debug\rwupdt.obj
         cminpack.vcxproj -> D:\Projects\git\bundler_sfm\vc++\Debug\cminpack.lib
     1>Done Building Project "D:\Projects\git\bundler_sfm\lib\cminpack\cminpack.vcxproj" (Rebuild target(s)).

Build succeeded.

Time Elapsed 00:00:01.94
