Build started 2015/8/11 17:32:47.
     1>Project "D:\Projects\git\bundler_sfm\lib\f2c\f2c.vcxproj" on node 2 (Build target(s)).
     1>ClCompile:
         C:\Program Files (x86)\Microsoft Visual Studio 12.0\VC\bin\CL.exe /c /ZI /nologo /W3 /WX- /Od /Oy- /D WIN32 /D _DEBUG /D _LIB /D _UNICODE /D UNICODE /Gm /EHsc /RTC1 /MDd /GS /fp:precise /Zc:wchar_t /Zc:forScope /Fo"Debug\\" /Fd"Debug\vc120.pdb" /Gd /TC /analyze- /errorReport:prompt signbit.c uninit.c
         uninit.c
         signbit.c
         Generating Code...
       Lib:
         C:\Program Files (x86)\Microsoft Visual Studio 12.0\VC\bin\Lib.exe /OUT:"D:\Projects\git\bundler_sfm\vc++\Debug\f2c.lib" /NOLOGO Debug\abort_.obj
         Debug\arithchk.obj
         Debug\backspac.obj
         Debug\cabs.obj
         Debug\close.obj
         Debug\ctype.obj
         Debug\d_abs.obj
         Debug\d_acos.obj
         Debug\d_asin.obj
         Debug\d_atan.obj
         Debug\d_atn2.obj
         Debug\d_cnjg.obj
         Debug\d_cos.obj
         Debug\d_cosh.obj
         Debug\d_dim.obj
         Debug\d_exp.obj
         Debug\d_imag.obj
         Debug\d_int.obj
         Debug\d_lg10.obj
         Debug\d_log.obj
         Debug\d_mod.obj
         Debug\d_nint.obj
         Debug\d_prod.obj
         Debug\d_sign.obj
         Debug\d_sin.obj
         Debug\d_sinh.obj
         Debug\d_sqrt.obj
         Debug\d_tan.obj
         Debug\d_tanh.obj
         Debug\derf_.obj
         Debug\derfc_.obj
         Debug\dfe.obj
         Debug\dolio.obj
         Debug\dtime_.obj
         Debug\due.obj
         Debug\ef1asc_.obj
         Debug\ef1cmc_.obj
         Debug\endfile.obj
         Debug\erf_.obj
         Debug\erfc_.obj
         Debug\err.obj
         Debug\etime_.obj
         Debug\exit_.obj
         Debug\f77_aloc.obj
         Debug\f77vers.obj
         Debug\fmt.obj
         Debug\fmtlib.obj
         Debug\ftell_.obj
         Debug\getarg_.obj
         Debug\getenv_.obj
         Debug\h_abs.obj
         Debug\h_dim.obj
         Debug\h_dnnt.obj
         Debug\h_indx.obj
         Debug\h_len.obj
         Debug\h_mod.obj
         Debug\h_nint.obj
         Debug\h_sign.obj
         Debug\hl_ge.obj
         Debug\hl_gt.obj
         Debug\hl_le.obj
         Debug\hl_lt.obj
         Debug\i77vers.obj
         Debug\i_abs.obj
         Debug\i_dim.obj
         Debug\i_dnnt.obj
         Debug\i_indx.obj
         Debug\i_len.obj
         Debug\i_mod.obj
         Debug\i_nint.obj
         Debug\i_sign.obj
         Debug\iargc_.obj
         Debug\iio.obj
         Debug\ilnw.obj
         Debug\inquire.obj
         Debug\l_ge.obj
         Debug\l_gt.obj
         Debug\l_le.obj
         Debug\l_lt.obj
         Debug\lbitbits.obj
         Debug\lbitshft.obj
         Debug\lread.obj
         Debug\lwrite.obj
         Debug\main.obj
         Debug\open.obj
         Debug\pow_ci.obj
         Debug\pow_dd.obj
         Debug\pow_di.obj
         Debug\pow_hh.obj
         Debug\pow_ii.obj
         Debug\pow_ri.obj
         Debug\pow_zi.obj
         Debug\pow_zz.obj
         Debug\r_abs.obj
         Debug\r_acos.obj
         Debug\r_asin.obj
         Debug\r_atan.obj
         Debug\r_atn2.obj
         Debug\r_cnjg.obj
         Debug\r_cos.obj
         Debug\r_cosh.obj
         Debug\r_dim.obj
         Debug\r_exp.obj
         Debug\r_imag.obj
         Debug\r_int.obj
         Debug\r_lg10.obj
         Debug\r_log.obj
         Debug\r_mod.obj
         Debug\r_nint.obj
         Debug\r_sign.obj
         Debug\r_sin.obj
         Debug\r_sinh.obj
         Debug\r_sqrt.obj
         Debug\r_tan.obj
         Debug\r_tanh.obj
         Debug\rdfmt.obj
         Debug\rewind.obj
         Debug\rsfe.obj
         Debug\rsli.obj
         Debug\rsne.obj
         Debug\s_cat.obj
         Debug\s_cmp.obj
         Debug\s_copy.obj
         Debug\s_paus.obj
         Debug\s_rnge.obj
         Debug\s_stop.obj
         Debug\sfe.obj
         Debug\sig_die.obj
         Debug\signal_.obj
         Debug\signbit.obj
         Debug\sue.obj
         Debug\system_.obj
         Debug\typesize.obj
         Debug\uio.obj
         Debug\uninit.obj
         Debug\util.obj
         Debug\wref.obj
         Debug\wrtfmt.obj
         Debug\wsfe.obj
         Debug\wsle.obj
         Debug\wsne.obj
         Debug\xwsne.obj
         Debug\z_abs.obj
         Debug\z_cos.obj
         Debug\z_div.obj
         Debug\z_exp.obj
         Debug\z_log.obj
         Debug\z_sin.obj
         Debug\z_sqrt.obj
     1>arithchk.obj : warning LNK4006: _main already defined in main.obj; second definition ignored
         f2c.vcxproj -> D:\Projects\git\bundler_sfm\vc++\Debug\f2c.lib
     1>Done Building Project "D:\Projects\git\bundler_sfm\lib\f2c\f2c.vcxproj" (Build target(s)).

Build succeeded.

Time Elapsed 00:00:00.79
